!!!!!!!!!!!!!!!!!!!! INIZIO ESECUZIONE SCANSIONE FORMULARI RIFIUTI !!!!!!!!!!!!!!!!!!!!
VERIFICO IDENEITA' CARATTERI PER FILE 96619_COBAT_DUC593220
NOME FILENAME ACCETTATO --> 96619_COBAT
FILE NON TROVATO IN C:\Users\Utente\Documents\Multitraccia\Progetti\Cobat\OCR_development\FIR_BULK\jpg_archive
CERCO 96619_COBAT.png in C:\Users\Utente\Documents\Multitraccia\Progetti\Cobat\OCR_development\NEW_OCR\images

-o-o-o-o-o-o-o-o-o-o-o-o-o-o-o-o-o-o-o-o ANALISI FILE 96619_COBAT -o-o-o-o-o-o-o-o-o-o-o-o-o-o-o-o-o-o-o-o

CERCO FILE 96619_COBAT.png IN C:\Users\Utente\Documents\Multitraccia\Progetti\Cobat\OCR_development\NEW_OCR\images
Cerco file 96619_COBAT in formato jpg
Salvataggio file 96619_COBAT in formato png su C:\Users\Utente\Documents\Multitraccia\Progetti\Cobat\OCR_development\NEW_OCR\images
++++++++++++++++++++ FILE : 96619_COBAT ++++++++++++++++++++
TIPOLOGIA GIA' INDIVIDUATA --> FORMULARIO RIFIUTI - ALLEGATO B - ETM
BTWN WORDS ['detentore', 'produttore', 'denominazione', 'ragione', 'sociale']
FILE 96619_COBAT RICERCA BASE PRODUTTORE : 
                    
                SELECT p.id, p.coor_x, p.coor_y
                FROM parole_WEB p
                LEFT JOIN files_WEB f
                ON (p.id_file=f.id)
             WHERE
                    file = '96619_COBAT' AND
                    (parola like 'de_entore' or parola like 'dete_tore' or parola like 'd_tentore' or parola like 'detento_e' or parola like 'detent_re' or parola like 'detentor_' or parola like '_etentore' or parola like 'det_ntore' or parola like 'deten_ore') AND
                    div_y = '1-4'
                    ORDER BY p.id ASC
                    LIMIT 1;
                
RISULTATO : {'detentore': ((62544, 462.077880859375, 205.39991760253903), 'ALTO')}
BTWN WORDS ['unita', 'locale', 'codice', 'fiscale', 'autorizzazione', 'aut/albo']
FILE 96619_COBAT RICERCA BASE PRODUTTORE : 
                    
                SELECT p.id, p.coor_x, p.coor_y
                FROM parole_WEB p
                LEFT JOIN files_WEB f
                ON (p.id_file=f.id)
             WHERE
                    file = '96619_COBAT' AND
                    (parola like 'un_ta' or parola like 'unit_' or parola like 'uni_a' or parola like 'u_ita' or parola like '_nita') AND
                    div_y = '1-4'
                    ORDER BY p.id ASC
                    LIMIT 1;
                
FILE 96619_COBAT RICERCA BASE PRODUTTORE : 
                    
                SELECT p.id, p.coor_x, p.coor_y
                FROM parole_WEB p
                LEFT JOIN files_WEB f
                ON (p.id_file=f.id)
             WHERE
                    file = '96619_COBAT' AND
                    (parola like 'local_' or parola like 'lo_ale' or parola like '_ocale' or parola like 'loca_e' or parola like 'loc_le' or parola like 'l_cale') AND
                    div_y = '1-4'
                    ORDER BY p.id ASC
                    LIMIT 1;
                
RISULTATO : {'detentore': ((62544, 462.077880859375, 205.39991760253903), 'ALTO'), 'locale': ((62559, 227.77734375, 383.080078125), 'BASSO')}
PAROLE CHE DETERMINANO OCR PER ZONA PRODUTTORE :
{'detentore': ((62544, 462.077880859375, 205.39991760253903), 'ALTO'), 'locale': ((62559, 227.77734375, 383.080078125), 'BASSO')}
++++++++++++++++++++ PRIMO TENTATIVO CREAZIONE RITAGLIO OCR PRODUTTORE PER FILE 96619_COBAT ++++++++++++++++++++
ANALISI OCR RITAGLIO PRODUTTORE PER FILE 96619_COBAT : SIZE ( 2361 - 700 )
data {'PRODUTTORE': ['numero', 'nesisT', 'FDOOOS', 'ormeussneromunno|', '$4a29', 'ei', 'etana', 'ns', '2', 'Denominazione', 'o', 'Ragione', 'sociale', 'CEM', 'AMBIENTE', 'SPA', 'g', '-_', 'camel', 'Be', 'aes', 'SE', 'g', 'Unita', 'Locale', '_', 'CE.', 'PESSANO', 'CON', 'BORNAGO', 'VIA', 'DI', '38080', 'PESSANG', 'CON', 'SORNAGO', 'Codice', 'Fiscate', '039651760756', 'Numero', 'jone./', 'Kibo', 'Se', 'a', 'mee', '—__—_~--—.', 'Codine', 'Fiscale_|__UewOT', 'eS', '_______j__', 'Numero', 'Autorizzazione', 'Albo', '_RGATSSV2016', '__cel|', '20-42-16', '_|', 'E', '_', 'RGB', '2016', '20-12-46', 'H', 'Denominazione', 'o', 'Ragione', 'sociale', 'A', 'STENA', 'RECYCLING', '&.R.L.']}
-------------------- 71 RECORDS TROVATI --------------------
None
1 FILES PROCESSATI IN 6.63435435295105 SECONDI
!!!!!!!!!!!!!!!!!!!! ESECUZIONE SCANSIONE FORMULARI RIFIUTI TERMINATA AL SEGUENTE ORARIO 2021-06-30 13:02:09.705298 !!!!!!!!!!!!!!!!!!!!
