!!!!!!!!!!!!!!!!!!!! INIZIO ESECUZIONE SCANSIONE FORMULARI RIFIUTI !!!!!!!!!!!!!!!!!!!!
VERIFICO IDENEITA' CARATTERI PER FILE 96603_FOR292
NOME FILENAME ACCETTATO --> 96603_FOR292

-o-o-o-o-o-o-o-o-o-o-o-o-o-o-o-o-o-o-o-o ANALISI FILE 96603_FOR292 -o-o-o-o-o-o-o-o-o-o-o-o-o-o-o-o-o-o-o-o

CERCO FILE 96603_FOR292.png IN C:\Users\Utente\Documents\Multitraccia\Progetti\Cobat\OCR_development\NEW_OCR\images
Cerco file 96603_FOR292 in formato jpg
Salvataggio file 96603_FOR292 in formato png su C:\Users\Utente\Documents\Multitraccia\Progetti\Cobat\OCR_development\NEW_OCR\images
++++++++++++++++++++ FILE : 96603_FOR292 ++++++++++++++++++++
FILE NON TROVATO NEL DB
ANALISI INIZIALE OCR PER FILE 96603_FOR292
FILE 96603_FOR292 RUOTATO DI 0 GRADI
-------------------- ESECUZIONE OCR PER FILE 96603_FOR292 --------------------
-------------------- INIZIO PER RITAGLIO 0.500W-0.250H --------------------
-------------------- FINE ESECUZIONE IN 31.659502744674683 SECONDI --------------------
-------------------- INIZIO PER RITAGLIO 0.500W-0.500H --------------------
-------------------- FINE ESECUZIONE IN 28.336177110671997 SECONDI --------------------
-------------------- FINE ESECUZIONE OCR --------------------
ELIMINO RECORDS PRECENDENTI NELLA TABELLA parole_WEB
INSERIMENTO DI 106 RECORDS PER FILE 96603_FOR292
PERCENTUALE RIGHE SOSPETTE (LUNGHEZZA 0 OPPURE 1) : 9%
OCR INIZIALE FILE 96603_FOR292 VALIDO CON ROTAZIONE NULLA
FINE ANALISI INIZIALE OCR PER FILE 96603_FOR292
RICERCA TIPO_A : 
                    
                SELECT p.id, p.coor_x, p.coor_y
                FROM parole_WEB p
                LEFT JOIN files_WEB f
                ON (p.id_file=f.id)
             WHERE
                    ((parola like 'formu_ario' or parola like 'formulari_' or parola like 'for_ulario' or parola like 'form_lario' or parola like 'fo_mulario' or parola like 'formular_o' or parola like 'formula_io' or parola like 'formul_rio' or parola like '_ormulario' or parola like 'f_rmulario') OR 
                    ( parola like 'for%rio' OR
                    parola like 'for%' OR
                    parola like '%rio' )
                ) AND
                    div_x = '1-2' AND
                    div_y = '1-4' AND
                    file = '96603_FOR292'
                    LIMIT 1;
                
TROVA PAROLA INTRUSA PER QUERY: 

                
                SELECT p.id, p.coor_x, p.coor_y
                FROM parole_WEB p
                LEFT JOIN files_WEB f
                ON (p.id_file=f.id)
            
                WHERE
                ((parola like 'ide_tificazione' or parola like 'identifica_ione' or parola like 'identificazio_e' or parola like 'iden_ificazione' or parola like 'id_ntificazione' or parola like 'identificazi_ne' or parola like 'identificazion_' or parola like '_dentificazione' or parola like 'identifi_azione' or parola like 'identificaz_one' or parola like 'ident_ficazione' or parola like 'identi_icazione' or parola like 'identif_cazione' or parola like 'i_entificazione' or parola like 'identific_zione') OR 
                    ( parola like 'ide%one' OR
                    parola like '%icazione' OR
                    parola like 'ificazione%')
                 ) AND
                p.id < 62442 + 25 AND
                p.id > 62442 - 25 AND
                file = '96603_FOR292';
            
Trovata parola che esclude il file 96603_FOR292 dalla tipologia TIPO_A
RICERCA TIPO_B : 
                    
                SELECT p.id, p.coor_x, p.coor_y
                FROM parole_WEB p
                LEFT JOIN files_WEB f
                ON (p.id_file=f.id)
             WHERE
                    ((parola like 'ide_tificazione' or parola like 'identifica_ione' or parola like 'identificazio_e' or parola like 'iden_ificazione' or parola like 'id_ntificazione' or parola like 'identificazi_ne' or parola like 'identificazion_' or parola like '_dentificazione' or parola like 'identifi_azione' or parola like 'identificaz_one' or parola like 'ident_ficazione' or parola like 'identi_icazione' or parola like 'identif_cazione' or parola like 'i_entificazione' or parola like 'identific_zione') OR 
                    ( parola like 'ide%one' OR
                    parola like 'ide%' OR
                    parola like '%one' )
                ) AND
                    div_x = '1-2' AND
                    div_y = '1-4' AND
                    file = '96603_FOR292'
                    LIMIT 1;
                
RICERCA TIPO_B : 
                    
                SELECT parola, coor_x, coor_y, file
                FROM parole_WEB p
                LEFT JOIN "files_WEB" f
                ON (p.id_file=f.id)
            
                    WHERE
                    ((parola like 'ri_ondi' or parola like 'rimo_di' or parola like '_imondi' or parola like 'rimond_' or parola like 'rim_ndi' or parola like 'rimon_i' or parola like 'r_mondi') OR 
                    (parola like 'ri%di' OR
                    parola like '%mon%' OR
                    parola like 'rim%')
                ) AND
                    p.id < 62444 + 45 AND
                    p.id > 62444 - 45 AND
                    file = '96603_FOR292';
                
Nessun risultato idoneo per la parola rimondi. Il file 96603_FOR292 non appartiene alla tipologia TIPO_B
RICERCA TIPO_C : 
                    
                SELECT p.id, p.coor_x, p.coor_y
                FROM parole_WEB p
                LEFT JOIN files_WEB f
                ON (p.id_file=f.id)
             WHERE
                    ((parola like 'ecol_gia' or parola like '_cologia' or parola like 'eco_ogia' or parola like 'ecologi_' or parola like 'ecolog_a' or parola like 'ecolo_ia' or parola like 'e_ologia' or parola like 'ec_logia') OR 
                    ( parola like 'eco%gia' OR
                    parola like 'eco%' OR
                    parola like '%gia' )
                ) AND
                    div_x = '1-2' AND
                    div_y = '1-4' AND
                    file = '96603_FOR292'
                    LIMIT 1;
                
RICERCA TIPO_C : 
                    
                SELECT parola, coor_x, coor_y, file
                FROM parole_WEB p
                LEFT JOIN "files_WEB" f
                ON (p.id_file=f.id)
            
                    WHERE
                    ((parola like 'unipers_nale' or parola like 'unipe_sonale' or parola like 'unip_rsonale' or parola like 'uniperson_le' or parola like 'un_personale' or parola like 'uniper_onale' or parola like 'uniperso_ale' or parola like 'u_ipersonale' or parola like 'uni_ersonale' or parola like '_nipersonale' or parola like 'unipersonal_' or parola like 'unipersona_e') OR 
                    (parola like 'un%le' OR
                    parola like '%ipersona%' OR
                    parola like 'uni%')
                ) AND
                    p.id < 62414 + 25 AND
                    p.id > 62414 - 25 AND
                    file = '96603_FOR292';
                
Nessun risultato idoneo per la parola unipersonale. Il file 96603_FOR292 non appartiene alla tipologia TIPO_C
RICERCA TIPO_D : 
                    
                SELECT p.id, p.coor_x, p.coor_y
                FROM parole_WEB p
                LEFT JOIN files_WEB f
                ON (p.id_file=f.id)
             WHERE
                    ((parola like 'dieg_' or parola like '_iego' or parola like 'di_go' or parola like 'd_ego' or parola like 'die_o') OR 
                    ( parola like 'die%ego' OR
                    parola like 'die%' OR
                    parola like '%ego' )
                ) AND
                    div_x = '1-2' AND
                    div_y = '1-4' AND
                    file = '96603_FOR292'
                    LIMIT 1;
                
Nessun risultato idoneo per la parola diego. Il file 96603_FOR292 non appartiene alla tipologia TIPO_D
TIPOLOGIA NON DETERMINATA PER 96603_FOR292 --> NESSUNA INFO A DISPOSIZIONE




@@@@@@@@@@@@@@@@@@@@ SOMMARIO FILE 96603_FOR292 @@@@@@@@@@@@@@@@@@@@


FILE 96603_FOR292 : NC None


@@@@@@@@@@@@@@@@@@@@ FINE SOMMARIO FILE 96603_FOR292 @@@@@@@@@@@@@@@@@@@@

1 FILES PROCESSATI IN 69.56203651428223 SECONDI
!!!!!!!!!!!!!!!!!!!! ESECUZIONE SCANSIONE FORMULARI RIFIUTI TERMINATA AL SEGUENTE ORARIO 2021-06-30 11:55:56.852238 !!!!!!!!!!!!!!!!!!!!
