!!!!!!!!!!!!!!!!!!!! INIZIO ESECUZIONE SCANSIONE FORMULARI RIFIUTI !!!!!!!!!!!!!!!!!!!!
VERIFICO IDENEITA' CARATTERI PER FILE 96619_COBAT_DUC593220
NOME FILENAME ACCETTATO --> 96619_COBAT
FILE NON TROVATO IN C:\Users\Utente\Documents\Multitraccia\Progetti\Cobat\OCR_development\FIR_BULK\jpg_archive
CERCO 96619_COBAT.png in C:\Users\Utente\Documents\Multitraccia\Progetti\Cobat\OCR_development\NEW_OCR\images

-o-o-o-o-o-o-o-o-o-o-o-o-o-o-o-o-o-o-o-o ANALISI FILE 96619_COBAT -o-o-o-o-o-o-o-o-o-o-o-o-o-o-o-o-o-o-o-o

CERCO FILE 96619_COBAT.png IN C:\Users\Utente\Documents\Multitraccia\Progetti\Cobat\OCR_development\NEW_OCR\images
Cerco file 96619_COBAT in formato jpg
Salvataggio file 96619_COBAT in formato png su C:\Users\Utente\Documents\Multitraccia\Progetti\Cobat\OCR_development\NEW_OCR\images
++++++++++++++++++++ FILE : 96619_COBAT ++++++++++++++++++++
TIPOLOGIA GIA' INDIVIDUATA --> FORMULARIO RIFIUTI - ALLEGATO B - ETM
BTWN WORDS ['detentore', 'produttore', 'denominazione', 'ragione', 'sociale']
FILE 96619_COBAT RICERCA BASE PRODUTTORE : 
                    
                SELECT p.id, p.coor_x, p.coor_y
                FROM parole_WEB p
                LEFT JOIN files_WEB f
                ON (p.id_file=f.id)
             WHERE
                    file = '96619_COBAT' AND
                    (parola like 'det_ntore' or parola like 'detentor_' or parola like 'de_entore' or parola like 'detent_re' or parola like 'dete_tore' or parola like 'deten_ore' or parola like 'detento_e' or parola like 'd_tentore' or parola like '_etentore') AND
                    div_y = '1-4'
                    ORDER BY p.id ASC
                    LIMIT 1;
                
RISULTATO : {'detentore': ((62544, 462.077880859375, 205.39991760253903), 'ALTO')}
BTWN WORDS ['unita', 'locale', 'codice', 'fiscale', 'autorizzazione', 'aut/albo']
FILE 96619_COBAT RICERCA BASE PRODUTTORE : 
                    
                SELECT p.id, p.coor_x, p.coor_y
                FROM parole_WEB p
                LEFT JOIN files_WEB f
                ON (p.id_file=f.id)
             WHERE
                    file = '96619_COBAT' AND
                    (parola like 'un_ta' or parola like 'u_ita' or parola like '_nita' or parola like 'unit_' or parola like 'uni_a') AND
                    div_y = '1-4'
                    ORDER BY p.id ASC
                    LIMIT 1;
                
FILE 96619_COBAT RICERCA BASE PRODUTTORE : 
                    
                SELECT p.id, p.coor_x, p.coor_y
                FROM parole_WEB p
                LEFT JOIN files_WEB f
                ON (p.id_file=f.id)
             WHERE
                    file = '96619_COBAT' AND
                    (parola like 'l_cale' or parola like 'lo_ale' or parola like 'loc_le' or parola like 'local_' or parola like '_ocale' or parola like 'loca_e') AND
                    div_y = '1-4'
                    ORDER BY p.id ASC
                    LIMIT 1;
                
RISULTATO : {'detentore': ((62544, 462.077880859375, 205.39991760253903), 'ALTO'), 'locale': ((62559, 227.77734375, 383.080078125), 'BASSO')}
PAROLE CHE DETERMINANO OCR PER ZONA PRODUTTORE :
{'detentore': ((62544, 462.077880859375, 205.39991760253903), 'ALTO'), 'locale': ((62559, 227.77734375, 383.080078125), 'BASSO')}
++++++++++++++++++++ PRIMO TENTATIVO CREAZIONE RITAGLIO OCR PRODUTTORE PER FILE 96619_COBAT ++++++++++++++++++++
ANALISI OCR RITAGLIO PRODUTTORE PER FILE 96619_COBAT : SIZE ( 2361 - 700 )
data {'PRODUTTORE': ['numero', 'nesisT', 'FDOOOS', 'ormeussneromunno|', '$4a29', 'ei', 'etana', 'ns', '2', 'Denominazione', 'o', 'Ragione', 'sociale', 'CEM', 'AMBIENTE', 'SPA', 'g', '-_', 'camel', 'Be', 'aes', 'SE', 'g', 'Unita', 'Locale', '_', 'CE.', 'PESSANO', 'CON', 'BORNAGO', 'VIA', 'DI', '38080', 'PESSANG', 'CON', 'SORNAGO', 'Codice', 'Fiscate', '039651760756', 'Numero', 'jone./', 'Kibo', 'Se', 'a', 'mee', '—__—_~--—.', 'Codine', 'Fiscale_|__UewOT', 'eS', '_______j__', 'Numero', 'Autorizzazione', 'Albo', '_RGATSSV2016', '__cel|', '20-42-16', '_|', 'E', '_', 'RGB', '2016', '20-12-46', 'H', 'Denominazione', 'o', 'Ragione', 'sociale', 'A', 'STENA', 'RECYCLING', '&.R.L.']}
-------------------- 71 RECORDS TROVATI --------------------
RITAGLIO GIA' ANALIZZATO DA OCR
NESSUN INSERIMENTO IN TABELLA OCR_PRODUTTORE PER FILE 96619_COBAT
FINE ANALISI OCR RITAGLIO PRODUTTORE PER FILE 96619_COBAT

#################### RICERCA RITAGLIO PRODUTTORE ####################

RANGE PAROLE INDIVIDUATE ['numero', 'nesisT', 'FDOOOS', 'ormeussneromunno', 'a', 'ei', 'etana', 'ns', '2', 'Denominazione', 'o', 'Ragione', 'sociale', 'CEM', 'AMBIENTE', 'SPA', 'g', '_', 'camel', 'Be', 'aes', 'SE', 'g', 'Unita', 'Locale', '_', 'CE', 'PESSANO', 'CON', 'BORNAGO', 'VIA', 'DI', 'PESSANG', 'CON', 'SORNAGO', 'Codice', 'Fiscate', 'Numero', 'jone', 'Kibo', 'Se', 'a', 'mee', 'Codine', 'Fiscale', 'UewOT', 'eS', '_______j__', 'Numero', 'Autorizzazione', 'Albo', 'RGATSSV', 'cel', '_', 'E', '_', 'RGB', 'H', 'Denominazione', 'o', 'Ragione', 'sociale', 'A', 'STENA', 'RECYCLING', 'R', 'L']
PAROLE CHIAVE CHE DELIMITANO INFO {'denominazione': [(41063, 'Denominazione', 'ALTO')], 'ragione': [(41065, 'Ragione', 'ALTO')], 'sociale': [(41066, 'sociale', 'ALTO')], 'unita': [(41077, 'Unita', 'BASSO')], 'locale': [(41078, 'Locale', 'BASSO')], 'codice': [(41097, 'Codine', 'BASSO')], 'fiscale': [(41090, 'Fiscate', 'BASSO')], 'autorizzazione': [(41103, 'Autorizzazione', 'BASSO')]}
RANGE ID [41063, 41065] PER RICERCA INFO
RANGE ID [41066, 41077] PER RICERCA INFO
RANGE ID [41078, 41097] PER RICERCA INFO
RANGE ID [41090, 41103] PER RICERCA INFO
RANGE PAROLE TROVATE ZONA PRODUTTORE : [['o'], ['cem', 'ambiente', 'spa', 'g', '_', 'camel', 'be', 'aes', 'se', 'g'], ['_', 'ce', 'pessano', 'con', 'bornago', 'via', 'di', 'pessang', 'con', 'sornago', 'codice', 'fiscate', 'numero', 'jone', 'kibo', 'se', 'a', 'mee'], ['numero', 'jone', 'kibo', 'se', 'a', 'mee', 'codine', 'fiscale', 'uewot', 'es', '_______j__', 'numero']]
Q = 
                        SELECT parola 
                        FROM COMMON_WORDS
                        WHERE
                        (parola like 'ca_el' or parola like 'cam_l' or parola like 'c_mel' or parola like 'came_' or parola like '_amel') AND
                        tipologia = 'FORMULARIO RIFIUTI - ALLEGATO B - ETM'
                        LIMIT 1;
                    
Q = 
                        SELECT parola 
                        FROM COMMON_WORDS
                        WHERE
                        (parola like '_essang' or parola like 'p_ssang' or parola like 'pe_sang' or parola like 'pessa_g' or parola like 'pess_ng' or parola like 'pessan_' or parola like 'pes_ang') AND
                        tipologia = 'FORMULARIO RIFIUTI - ALLEGATO B - ETM'
                        LIMIT 1;
                    
Q = 
                        SELECT parola 
                        FROM COMMON_WORDS
                        WHERE
                        (parola like 'so_nago' or parola like 's_rnago' or parola like 'sorna_o' or parola like 'sorn_go' or parola like 'sor_ago' or parola like '_ornago' or parola like 'sornag_') AND
                        tipologia = 'FORMULARIO RIFIUTI - ALLEGATO B - ETM'
                        LIMIT 1;
                    
Q = 
                        SELECT parola 
                        FROM COMMON_WORDS
                        WHERE
                        (parola like 'fisca_e' or parola like 'fisc_te' or parola like 'fi_cate' or parola like 'f_scate' or parola like '_iscate' or parola like 'fis_ate' or parola like 'fiscat_') AND
                        tipologia = 'FORMULARIO RIFIUTI - ALLEGATO B - ETM'
                        LIMIT 1;
                    
Q = 
                        SELECT parola 
                        FROM COMMON_WORDS
                        WHERE
                        (parola like 'j_ne' or parola like 'jo_e' or parola like 'jon_' or parola like '_one') AND
                        tipologia = 'FORMULARIO RIFIUTI - ALLEGATO B - ETM'
                        LIMIT 1;
                    
Q = 
                        SELECT parola 
                        FROM COMMON_WORDS
                        WHERE
                        (parola like '_ibo' or parola like 'k_bo' or parola like 'kib_' or parola like 'ki_o') AND
                        tipologia = 'FORMULARIO RIFIUTI - ALLEGATO B - ETM'
                        LIMIT 1;
                    
Q = 
                        SELECT parola 
                        FROM COMMON_WORDS
                        WHERE
                        (parola like 'j_ne' or parola like 'jo_e' or parola like 'jon_' or parola like '_one') AND
                        tipologia = 'FORMULARIO RIFIUTI - ALLEGATO B - ETM'
                        LIMIT 1;
                    
Q = 
                        SELECT parola 
                        FROM COMMON_WORDS
                        WHERE
                        (parola like '_ibo' or parola like 'k_bo' or parola like 'kib_' or parola like 'ki_o') AND
                        tipologia = 'FORMULARIO RIFIUTI - ALLEGATO B - ETM'
                        LIMIT 1;
                    
Q = 
                        SELECT parola 
                        FROM COMMON_WORDS
                        WHERE
                        (parola like '_odine' or parola like 'c_dine' or parola like 'codin_' or parola like 'cod_ne' or parola like 'codi_e' or parola like 'co_ine') AND
                        tipologia = 'FORMULARIO RIFIUTI - ALLEGATO B - ETM'
                        LIMIT 1;
                    
Q = 
                        SELECT parola 
                        FROM COMMON_WORDS
                        WHERE
                        (parola like 'u_wot' or parola like 'uew_t' or parola like '_ewot' or parola like 'uewo_' or parola like 'ue_ot') AND
                        tipologia = 'FORMULARIO RIFIUTI - ALLEGATO B - ETM'
                        LIMIT 1;
                    
Q = 
                        SELECT parola 
                        FROM COMMON_WORDS
                        WHERE
                        (parola like '__________' or parola like '_______j__') AND
                        tipologia = 'FORMULARIO RIFIUTI - ALLEGATO B - ETM'
                        LIMIT 1;
                    
RANGE PAROLE SELEZIONATE ZONA PRODUTTORE : [{'spa', 'pneumatici', 'pessano', 'bornago', 'codine', 'ambiente', 'cem'}]

#################### FINE RICERCA ZONA PRODUTTORE ####################

INSERIMENTO IN TABELLA OCR_PRODUTTORE

@@@@@@@@@@@@@@@@@@@@ SOMMARIO FILE 96619_COBAT @@@@@@@@@@@@@@@@@@@@


FILE 96619_COBAT : FORMULARIO RIFIUTI - ALLEGATO B - ETM {'ocr_prod': [{'spa', 'pneumatici', 'pessano', 'bornago', 'codine', 'ambiente', 'cem'}], 'ocr_trasp': None, 'ocr_racc': None, 'ocr_size': '( 2361 - 700 )'}


@@@@@@@@@@@@@@@@@@@@ FINE SOMMARIO FILE 96619_COBAT @@@@@@@@@@@@@@@@@@@@

1 FILES PROCESSATI IN 6.999059677124023 SECONDI
!!!!!!!!!!!!!!!!!!!! ESECUZIONE SCANSIONE FORMULARI RIFIUTI TERMINATA AL SEGUENTE ORARIO 2021-06-30 12:37:07.331464 !!!!!!!!!!!!!!!!!!!!
