!!!!!!!!!!!!!!!!!!!! INIZIO ESECUZIONE SCANSIONE FORMULARI RIFIUTI !!!!!!!!!!!!!!!!!!!!
VERIFICO IDENEITA' CARATTERI PER FILE 98161_DUA612838-2020
NOME FILENAME ACCETTATO --> 98161_DUA6128382020
FILE NON TROVATO IN C:\Users\Utente\Documents\Multitraccia\Progetti\Cobat\OCR_development\FIR_BULK\jpg_archive
CERCO 98161_DUA6128382020.png in C:\Users\Utente\Documents\Multitraccia\Progetti\Cobat\OCR_development\NEW_OCR\images

-o-o-o-o-o-o-o-o-o-o-o-o-o-o-o-o-o-o-o-o ANALISI FILE 98161_DUA6128382020 -o-o-o-o-o-o-o-o-o-o-o-o-o-o-o-o-o-o-o-o

CERCO FILE 98161_DUA6128382020.png IN C:\Users\Utente\Documents\Multitraccia\Progetti\Cobat\OCR_development\NEW_OCR\images
++++++++++++++++++++ FILE : 98161_DUA6128382020 ++++++++++++++++++++
TIPOLOGIA GIA' INDIVIDUATA --> FORMULARIO RIFIUTI - ALLEGATO B - ETM
BTWN WORDS ['detentore', 'produttore', 'denominazione', 'ragione', 'sociale']
FILE 98161_DUA6128382020 RICERCA BASE PRODUTTORE : 
                    
                SELECT p.id, p.coor_x, p.coor_y
                FROM parole_WEB p
                LEFT JOIN files_WEB f
                ON (p.id_file=f.id)
             WHERE
                    file = '98161_DUA6128382020' AND
                    (parola like 'de_entore' or parola like '_etentore' or parola like 'd_tentore' or parola like 'detent_re' or parola like 'detentor_' or parola like 'dete_tore' or parola like 'detento_e' or parola like 'det_ntore' or parola like 'deten_ore') AND
                    div_y = '1-4'
                    ORDER BY p.id ASC
                    LIMIT 1;
                
RISULTATO : {'detentore': ((62319, 420.60546875, 210.87890625), 'ALTO')}
BTWN WORDS ['unita', 'locale', 'codice', 'fiscale', 'autorizzazione', 'aut/albo']
FILE 98161_DUA6128382020 RICERCA BASE PRODUTTORE : 
                    
                SELECT p.id, p.coor_x, p.coor_y
                FROM parole_WEB p
                LEFT JOIN files_WEB f
                ON (p.id_file=f.id)
             WHERE
                    file = '98161_DUA6128382020' AND
                    (parola like 'uni_a' or parola like 'unit_' or parola like '_nita' or parola like 'u_ita' or parola like 'un_ta') AND
                    div_y = '1-4'
                    ORDER BY p.id ASC
                    LIMIT 1;
                
RISULTATO : {'detentore': ((62319, 420.60546875, 210.87890625), 'ALTO'), 'unita': ((62329, 120.99609375, 392.94921875), 'BASSO')}
PAROLE CHE DETERMINANO OCR PER ZONA PRODUTTORE :
{'detentore': ((62319, 420.60546875, 210.87890625), 'ALTO'), 'unita': ((62329, 120.99609375, 392.94921875), 'BASSO')}
++++++++++++++++++++ PRIMO TENTATIVO CREAZIONE RITAGLIO OCR PRODUTTORE PER FILE 98161_DUA6128382020 ++++++++++++++++++++
ANALISI OCR RITAGLIO PRODUTTORE PER FILE 98161_DUA6128382020 : SIZE ( 2364 - 700 )
data {'PRODUTTORE': ['14/61/2021', '7', 'Digs', 'ett', 's', '1.', '22', 'fort.', '18', 'e', 'smi)', 'NUMERO', 'REGISTRO', 'wy', 'DATA', 'EMISSIONE', 'FORMULARID', 'elias', 'a', 'FORMULARIO', 'RIFIUT', 'tener', 'Ee', 'mg', '3', 'Denominrona', 'p', 'RagesE.totg', 'c=', 'co', 'gM', 'Le', 'A', 'S-EUROPA', '38/8', 'POVENE', 'ROCCHETTE', '3601s', 'vt', 'a', 'a', 'ries.', 'en', '_', 'COE', 'Sh', 'eel', 'eae"', 'eeel', 'Numero', 'Autorizazione', 'Abo', 'et', '|_', 'LLL', '3', 'Oromia', 'eB', '_', '$$$_$_$_€?__________________']}
-------------------- 60 RECORDS TROVATI --------------------
FINE ANALISI OCR RITAGLIO PRODUTTORE PER FILE 98161_DUA6128382020

#################### RICERCA RITAGLIO PRODUTTORE ####################

RANGE PAROLE INDIVIDUATE ['7', 'Digs', 'ett', 's', '1', '22', 'fort', '18', 'e', 'smi', 'NUMERO', 'REGISTRO', 'wy', 'DATA', 'EMISSIONE', 'FORMULARID', 'elias', 'a', 'FORMULARIO', 'RIFIUT', 'tener', 'Ee', 'mg', '3', 'Denominrona', 'p', 'RagesE', 'totg', 'c', 'co', 'gM', 'Le', 'A', 'S', 'EUROPA', 'POVENE', 'ROCCHETTE', 's', 'vt', 'a', 'a', 'ries', 'en', '_', 'COE', 'Sh', 'eel', 'eae', 'eeel', 'Numero', 'Autorizazione', 'Abo', 'et', '_', 'LLL', '3', 'Oromia', 'eB', '_']
PAROLE CHIAVE CHE DELIMITANO INFO {'START_INFO': [(40869, 'NO WORD', 'EOF')], 'END_INFO': [(40927, 'NO WORD', 'EOF')]}
RANGE ID [40869, 40927] PER RICERCA INFO
RANGE PAROLE TROVATE ZONA PRODUTTORE : [['digs', 'ett', 's', '1', '22', 'fort', '18', 'e', 'smi', 'numero', 'registro', 'wy', 'data', 'emissione', 'formularid', 'elias', 'a', 'formulario', 'rifiut', 'tener', 'ee', 'mg', '3', 'denominrona', 'p', 'ragese', 'totg', 'c', 'co', 'gm', 'le', 'a', 's', 'europa', 'povene', 'rocchette', 's', 'vt', 'a', 'a', 'ries', 'en', '_', 'coe', 'sh', 'eel', 'eae', 'eeel', 'numero', 'autorizazione', 'abo', 'et', '_', 'lll', '3', 'oromia', 'eb']]
RANGE PAROLE SELEZIONATE ZONA PRODUTTORE : [{'rocchette'}]

#################### FINE RICERCA ZONA PRODUTTORE ####################

INSERIMENTO IN TABELLA OCR_PRODUTTORE

@@@@@@@@@@@@@@@@@@@@ SOMMARIO FILE 98161_DUA6128382020 @@@@@@@@@@@@@@@@@@@@


FILE 98161_DUA6128382020 : FORMULARIO RIFIUTI - ALLEGATO B - ETM {'ocr_prod': [{'rocchette'}], 'ocr_trasp': None, 'ocr_racc': None, 'ocr_size': '( 2364 - 700 )'}


@@@@@@@@@@@@@@@@@@@@ FINE SOMMARIO FILE 98161_DUA6128382020 @@@@@@@@@@@@@@@@@@@@

1 FILES PROCESSATI IN 3.25710391998291 SECONDI
!!!!!!!!!!!!!!!!!!!! ESECUZIONE SCANSIONE FORMULARI RIFIUTI TERMINATA AL SEGUENTE ORARIO 2021-06-30 10:52:14.830854 !!!!!!!!!!!!!!!!!!!!
