!!!!!!!!!!!!!!!!!!!! INIZIO ESECUZIONE SCANSIONE FORMULARI RIFIUTI !!!!!!!!!!!!!!!!!!!!
VERIFICO IDENEITA' CARATTERI PER FILE 96619_COBAT
NOME FILENAME ACCETTATO --> 96619_COBAT

-o-o-o-o-o-o-o-o-o-o-o-o-o-o-o-o-o-o-o-o ANALISI FILE 96619_COBAT -o-o-o-o-o-o-o-o-o-o-o-o-o-o-o-o-o-o-o-o

CERCO FILE 96619_COBAT.png IN C:\Users\Utente\Documents\Multitraccia\Progetti\Cobat\OCR_development\NEW_OCR\images
Cerco file 96619_COBAT in formato jpg
Salvataggio file 96619_COBAT in formato png su C:\Users\Utente\Documents\Multitraccia\Progetti\Cobat\OCR_development\NEW_OCR\images
++++++++++++++++++++ FILE : 96619_COBAT ++++++++++++++++++++
TIPOLOGIA GIA' INDIVIDUATA --> FORMULARIO RIFIUTI - ALLEGATO B - ETM
BTWN WORDS ['detentore', 'produttore', 'denominazione', 'ragione', 'sociale']
FILE 96619_COBAT RICERCA BASE PRODUTTORE : 
                    
                SELECT p.id, p.coor_x, p.coor_y
                FROM parole_WEB p
                LEFT JOIN files_WEB f
                ON (p.id_file=f.id)
             WHERE
                    file = '96619_COBAT' AND
                    (parola like 'detento_e' or parola like '_etentore' or parola like 'dete_tore' or parola like 'detent_re' or parola like 'det_ntore' or parola like 'deten_ore' or parola like 'de_entore' or parola like 'detentor_' or parola like 'd_tentore') AND
                    div_y = '1-4'
                    ORDER BY p.id ASC
                    LIMIT 1;
                
RISULTATO : {'detentore': ((62544, 462.077880859375, 205.39991760253903), 'ALTO')}
BTWN WORDS ['unita', 'locale', 'codice', 'fiscale', 'autorizzazione', 'aut/albo']
FILE 96619_COBAT RICERCA BASE PRODUTTORE : 
                    
                SELECT p.id, p.coor_x, p.coor_y
                FROM parole_WEB p
                LEFT JOIN files_WEB f
                ON (p.id_file=f.id)
             WHERE
                    file = '96619_COBAT' AND
                    (parola like '_nita' or parola like 'u_ita' or parola like 'unit_' or parola like 'uni_a' or parola like 'un_ta') AND
                    div_y = '1-4'
                    ORDER BY p.id ASC
                    LIMIT 1;
                
FILE 96619_COBAT RICERCA BASE PRODUTTORE : 
                    
                SELECT p.id, p.coor_x, p.coor_y
                FROM parole_WEB p
                LEFT JOIN files_WEB f
                ON (p.id_file=f.id)
             WHERE
                    file = '96619_COBAT' AND
                    (parola like 'loca_e' or parola like 'l_cale' or parola like 'local_' or parola like '_ocale' or parola like 'loc_le' or parola like 'lo_ale') AND
                    div_y = '1-4'
                    ORDER BY p.id ASC
                    LIMIT 1;
                
RISULTATO : {'detentore': ((62544, 462.077880859375, 205.39991760253903), 'ALTO'), 'locale': ((62559, 227.77734375, 383.080078125), 'BASSO')}
PAROLE CHE DETERMINANO OCR PER ZONA PRODUTTORE :
{'detentore': ((62544, 462.077880859375, 205.39991760253903), 'ALTO'), 'locale': ((62559, 227.77734375, 383.080078125), 'BASSO')}
++++++++++++++++++++ PRIMO TENTATIVO CREAZIONE RITAGLIO OCR PRODUTTORE PER FILE 96619_COBAT ++++++++++++++++++++
ANALISI OCR RITAGLIO PRODUTTORE PER FILE 96619_COBAT : SIZE ( 2361 - 700 )
data {'PRODUTTORE': ['numero', 'nesisT', 'FDOOOS', 'ormeussneromunno|', '$4a29', 'ei', 'etana', 'ns', '2', 'Denominazione', 'o', 'Ragione', 'sociale', 'CEM', 'AMBIENTE', 'SPA', 'g', '-_', 'camel', 'Be', 'aes', 'SE', 'g', 'Unita', 'Locale', '_', 'CE.', 'PESSANO', 'CON', 'BORNAGO', 'VIA', 'DI', '38080', 'PESSANG', 'CON', 'SORNAGO', 'Codice', 'Fiscate', '039651760756', 'Numero', 'jone./', 'Kibo', 'Se', 'a', 'mee', '—__—_~--—.', 'Codine', 'Fiscale_|__UewOT', 'eS', '_______j__', 'Numero', 'Autorizzazione', 'Albo', '_RGATSSV2016', '__cel|', '20-42-16', '_|', 'E', '_', 'RGB', '2016', '20-12-46', 'H', 'Denominazione', 'o', 'Ragione', 'sociale', 'A', 'STENA', 'RECYCLING', '&.R.L.']}
-------------------- 71 RECORDS TROVATI --------------------
FINE ANALISI OCR RITAGLIO PRODUTTORE PER FILE 96619_COBAT

#################### RICERCA RITAGLIO PRODUTTORE ####################

RANGE PAROLE INDIVIDUATE ['numero', 'nesisT', 'FDOOOS', 'ormeussneromunno', 'a', 'ei', 'etana', 'ns', '2', 'Denominazione', 'o', 'Ragione', 'sociale', 'CEM', 'AMBIENTE', 'SPA', 'g', 'camel', 'Be', 'aes', 'SE', 'g', 'Unita', 'Locale', 'CE', 'PESSANO', 'CON', 'BORNAGO', 'VIA', 'DI', 'PESSANG', 'CON', 'SORNAGO', 'Codice', 'Fiscate', 'Numero', 'jone', 'Kibo', 'Se', 'a', 'mee', 'Codine', 'Fiscale', 'UewOT', 'eS', 'j', 'Numero', 'Autorizzazione', 'Albo', 'RGATSSV', 'cel', 'E', 'RGB', 'H', 'Denominazione', 'o', 'Ragione', 'sociale', 'A', 'STENA', 'RECYCLING', 'R', 'L']
PAROLE CHIAVE CHE DELIMITANO INFO {'denominazione': [(41906, 'Denominazione', 'ALTO')], 'ragione': [(41908, 'Ragione', 'ALTO')], 'sociale': [(41909, 'sociale', 'ALTO')], 'unita': [(41919, 'Unita', 'BASSO')], 'locale': [(41920, 'Locale', 'BASSO')], 'codice': [(41938, 'Codine', 'BASSO')], 'fiscale': [(41931, 'Fiscate', 'BASSO')], 'autorizzazione': [(41944, 'Autorizzazione', 'BASSO')]}
RANGE ID [41906, 41908] PER RICERCA INFO
RANGE ID [41909, 41919] PER RICERCA INFO
RANGE ID [41920, 41938] PER RICERCA INFO
RANGE ID [41931, 41944] PER RICERCA INFO
RANGE PAROLE TROVATE ZONA PRODUTTORE : [['o'], ['cem', 'ambiente', 'spa', 'g', 'camel', 'be', 'aes', 'se', 'g'], ['ce', 'pessano', 'con', 'bornago', 'via', 'di', 'pessang', 'con', 'sornago', 'codice', 'fiscate', 'numero', 'jone', 'kibo', 'se', 'a', 'mee'], ['numero', 'jone', 'kibo', 'se', 'a', 'mee', 'codine', 'fiscale', 'uewot', 'es', 'j', 'numero']]
BTWN WORDS detentore
FILE 96619_COBAT RICERCA BASE PRODUTTORE : 
                SELECT p.parola
                FROM OCR_PRODUTTORE p
                LEFT JOIN files_WEB f
                ON (p.id_file=f.id)WHERE
                file = '96619_COBAT' AND
                (parola like 'detento_e' or parola like '_etentore' or parola like 'dete_tore' or parola like 'detent_re' or parola like 'det_ntore' or parola like 'deten_ore' or parola like 'de_entore' or parola like 'detentor_' or parola like 'd_tentore');
            
IGNORE WORDS set()
BTWN WORDS produttore
FILE 96619_COBAT RICERCA BASE PRODUTTORE : 
                SELECT p.parola
                FROM OCR_PRODUTTORE p
                LEFT JOIN files_WEB f
                ON (p.id_file=f.id)WHERE
                file = '96619_COBAT' AND
                (parola like 'pro_uttore' or parola like 'pr_duttore' or parola like 'produtto_e' or parola like 'produ_tore' or parola like 'produtt_re' or parola like 'p_oduttore' or parola like 'produttor_' or parola like '_roduttore' or parola like 'prod_ttore' or parola like 'produt_ore');
            
IGNORE WORDS set()
BTWN WORDS denominazione
FILE 96619_COBAT RICERCA BASE PRODUTTORE : 
                SELECT p.parola
                FROM OCR_PRODUTTORE p
                LEFT JOIN files_WEB f
                ON (p.id_file=f.id)WHERE
                file = '96619_COBAT' AND
                (parola like 'de_ominazione' or parola like 'deno_inazione' or parola like 'denominazi_ne' or parola like 'denominaz_one' or parola like 'denominazio_e' or parola like 'den_minazione' or parola like 'denom_nazione' or parola like '_enominazione' or parola like 'denomi_azione' or parola like 'denomin_zione' or parola like 'denomina_ione' or parola like 'd_nominazione' or parola like 'denominazion_');
            
IGNORE WORDS {'Denominazione'}
BTWN WORDS ragione
FILE 96619_COBAT RICERCA BASE PRODUTTORE : 
                SELECT p.parola
                FROM OCR_PRODUTTORE p
                LEFT JOIN files_WEB f
                ON (p.id_file=f.id)WHERE
                file = '96619_COBAT' AND
                (parola like 'ra_ione' or parola like 'ragio_e' or parola like '_agione' or parola like 'ragion_' or parola like 'rag_one' or parola like 'ragi_ne' or parola like 'r_gione');
            
IGNORE WORDS {'Ragione', 'Denominazione'}
BTWN WORDS sociale
FILE 96619_COBAT RICERCA BASE PRODUTTORE : 
                SELECT p.parola
                FROM OCR_PRODUTTORE p
                LEFT JOIN files_WEB f
                ON (p.id_file=f.id)WHERE
                file = '96619_COBAT' AND
                (parola like 'socia_e' or parola like 'soci_le' or parola like 'soc_ale' or parola like 'social_' or parola like 'so_iale' or parola like '_ociale' or parola like 's_ciale');
            
IGNORE WORDS {'Ragione', 'sociale', 'Denominazione'}
BTWN WORDS unita
FILE 96619_COBAT RICERCA BASE PRODUTTORE : 
                SELECT p.parola
                FROM OCR_PRODUTTORE p
                LEFT JOIN files_WEB f
                ON (p.id_file=f.id)WHERE
                file = '96619_COBAT' AND
                (parola like '_nita' or parola like 'u_ita' or parola like 'unit_' or parola like 'uni_a' or parola like 'un_ta');
            
IGNORE WORDS {'Ragione', 'sociale', 'Denominazione', 'Unita'}
BTWN WORDS locale
FILE 96619_COBAT RICERCA BASE PRODUTTORE : 
                SELECT p.parola
                FROM OCR_PRODUTTORE p
                LEFT JOIN files_WEB f
                ON (p.id_file=f.id)WHERE
                file = '96619_COBAT' AND
                (parola like 'loca_e' or parola like 'l_cale' or parola like 'local_' or parola like '_ocale' or parola like 'loc_le' or parola like 'lo_ale');
            
IGNORE WORDS {'Ragione', 'Locale', 'sociale', 'Denominazione', 'Unita'}
BTWN WORDS codice
FILE 96619_COBAT RICERCA BASE PRODUTTORE : 
                SELECT p.parola
                FROM OCR_PRODUTTORE p
                LEFT JOIN files_WEB f
                ON (p.id_file=f.id)WHERE
                file = '96619_COBAT' AND
                (parola like 'c_dice' or parola like 'codi_e' or parola like 'co_ice' or parola like 'cod_ce' or parola like '_odice' or parola like 'codic_');
            
IGNORE WORDS {'Codine', 'Ragione', 'Codice', 'Locale', 'sociale', 'Denominazione', 'Unita'}
BTWN WORDS fiscale
FILE 96619_COBAT RICERCA BASE PRODUTTORE : 
                SELECT p.parola
                FROM OCR_PRODUTTORE p
                LEFT JOIN files_WEB f
                ON (p.id_file=f.id)WHERE
                file = '96619_COBAT' AND
                (parola like 'f_scale' or parola like '_iscale' or parola like 'fisca_e' or parola like 'fi_cale' or parola like 'fiscal_' or parola like 'fisc_le' or parola like 'fis_ale');
            
IGNORE WORDS {'Codine', 'Ragione', 'Codice', 'Fiscate', 'Fiscale', 'Locale', 'sociale', 'Denominazione', 'Unita'}
BTWN WORDS autorizzazione
FILE 96619_COBAT RICERCA BASE PRODUTTORE : 
                SELECT p.parola
                FROM OCR_PRODUTTORE p
                LEFT JOIN files_WEB f
                ON (p.id_file=f.id)WHERE
                file = '96619_COBAT' AND
                (parola like 'auto_izzazione' or parola like 'autor_zzazione' or parola like 'autori_zazione' or parola like 'aut_rizzazione' or parola like 'au_orizzazione' or parola like 'autorizzaz_one' or parola like 'autorizza_ione' or parola like 'a_torizzazione' or parola like 'autoriz_azione' or parola like '_utorizzazione' or parola like 'autorizzazio_e' or parola like 'autorizzazi_ne' or parola like 'autorizz_zione' or parola like 'autorizzazion_');
            
IGNORE WORDS {'Codine', 'Ragione', 'Autorizzazione', 'Codice', 'Fiscate', 'Fiscale', 'Locale', 'sociale', 'Denominazione', 'Unita'}
BTWN WORDS aut/albo
FILE 96619_COBAT RICERCA BASE PRODUTTORE : 
                SELECT p.parola
                FROM OCR_PRODUTTORE p
                LEFT JOIN files_WEB f
                ON (p.id_file=f.id)WHERE
                file = '96619_COBAT' AND
                (parola like 'aut/al_o' or parola like 'a_t/albo' or parola like '_ut/albo' or parola like 'au_/albo' or parola like 'aut/a_bo' or parola like 'aut/_lbo' or parola like 'aut/alb_' or parola like 'aut_albo');
            
IGNORE WORDS {'Codine', 'Ragione', 'Autorizzazione', 'Codice', 'Fiscate', 'Fiscale', 'Locale', 'sociale', 'Denominazione', 'Unita'}
RANGE PAROLE SELEZIONATE ZONA PRODUTTORE : [{'ambiente', 'bornago', 'pessano', 'spa', 'cem', 'codine'}]

#################### FINE RICERCA ZONA PRODUTTORE ####################

INSERIMENTO IN TABELLA OCR_PRODUTTORE

@@@@@@@@@@@@@@@@@@@@ SOMMARIO FILE 96619_COBAT @@@@@@@@@@@@@@@@@@@@


FILE 96619_COBAT : FORMULARIO RIFIUTI - ALLEGATO B - ETM {'ocr_prod': [{'ambiente', 'bornago', 'pessano', 'spa', 'cem', 'codine'}], 'ocr_trasp': None, 'ocr_racc': None, 'ocr_size': '( 2361 - 700 )'}


@@@@@@@@@@@@@@@@@@@@ FINE SOMMARIO FILE 96619_COBAT @@@@@@@@@@@@@@@@@@@@

1 FILES PROCESSATI IN 7.7395875453948975 SECONDI
!!!!!!!!!!!!!!!!!!!! ESECUZIONE SCANSIONE FORMULARI RIFIUTI TERMINATA AL SEGUENTE ORARIO 2021-06-30 15:46:50.061569 !!!!!!!!!!!!!!!!!!!!
