!!!!!!!!!!!!!!!!!!!! INIZIO ESECUZIONE SCANSIONE FORMULARI RIFIUTI !!!!!!!!!!!!!!!!!!!!
VERIFICO IDENEITA' CARATTERI PER FILE 109687_DUB119296
NOME FILENAME ACCETTATO --> 109687_DUB119296

-o-o-o-o-o-o-o-o-o-o-o-o-o-o-o-o-o-o-o-o ANALISI FILE 109687_DUB119296 -o-o-o-o-o-o-o-o-o-o-o-o-o-o-o-o-o-o-o-o

CERCO FILE 109687_DUB119296.png IN C:\Users\Utente\Documents\Multitraccia\Progetti\Cobat\OCR_development\NEW_OCR\images
Cerco file 109687_DUB119296 in formato jpg
Salvataggio file 109687_DUB119296 in formato png su C:\Users\Utente\Documents\Multitraccia\Progetti\Cobat\OCR_development\NEW_OCR\images
++++++++++++++++++++ FILE : 109687_DUB119296 ++++++++++++++++++++
TIPOLOGIA GIA' INDIVIDUATA --> FORMULARIO RIFIUTI - ALLEGATO B - ETM
BTWN WORDS ['detentore', 'produttore', 'denominazione', 'ragione', 'sociale']
FILE 109687_DUB119296 RICERCA BASE PRODUTTORE : 
                    
                SELECT p.id, p.coor_x, p.coor_y
                FROM parole_WEB p
                LEFT JOIN files_WEB f
                ON (p.id_file=f.id)
             WHERE
                    file = '109687_DUB119296' AND
                    (parola like 'detent_re' or parola like 'detentor_' or parola like 'detento_e' or parola like 'deten_ore' or parola like 'dete_tore' or parola like '_etentore' or parola like 'det_ntore' or parola like 'de_entore' or parola like 'd_tentore') AND
                    div_y = '1-4'
                    ORDER BY p.id ASC
                    LIMIT 1;
                
RISULTATO : {'detentore': ((62184, 444.8046875, 266.19140625), 'ALTO')}
BTWN WORDS ['unita', 'locale', 'codice', 'fiscale', 'autorizzazione', 'aut/albo']
FILE 109687_DUB119296 RICERCA BASE PRODUTTORE : 
                    
                SELECT p.id, p.coor_x, p.coor_y
                FROM parole_WEB p
                LEFT JOIN files_WEB f
                ON (p.id_file=f.id)
             WHERE
                    file = '109687_DUB119296' AND
                    (parola like 'uni_a' or parola like '_nita' or parola like 'u_ita' or parola like 'un_ta' or parola like 'unit_') AND
                    div_y = '1-4'
                    ORDER BY p.id ASC
                    LIMIT 1;
                
RISULTATO : {'detentore': ((62184, 444.8046875, 266.19140625), 'ALTO'), 'unita': ((62196, 162.48046875, 399.86328125), 'BASSO')}
PAROLE CHE DETERMINANO OCR PER ZONA PRODUTTORE :
{'detentore': ((62184, 444.8046875, 266.19140625), 'ALTO'), 'unita': ((62196, 162.48046875, 399.86328125), 'BASSO')}
++++++++++++++++++++ PRIMO TENTATIVO CREAZIONE RITAGLIO OCR PRODUTTORE PER FILE 109687_DUB119296 ++++++++++++++++++++
ANALISI OCR RITAGLIO PRODUTTORE PER FILE 109687_DUB119296 : SIZE ( 2364 - 700 )
data {'PRODUTTORE': ['i,', '[2]', 'del', 'febtuate', '19979.', '22', 'fart.', 'ihe', 'emi)', 'FORMULARIO', 'RIFIUTI', 'sieeestene', 'ATA', 'Of', 'EMISSION', 'DEL', 'FORILLARIO', '30-03-2021;8', 'MUMERO', 'REGISTRO', 'J', 'Ey', 'PRoburrone', '0', 'DETENTORE', 'Denominazione', 'o', 'Ragione', 'sociale', 'COMUNE', 'Di', 'POSTIGLIONE', '—$_—$___', 'bs', 'veoe', 'SS', 'CLOCALITANESCASNC', 'BORE', "POSTIGUONE'SA)", 'Cod.', 'foo_.', '1.', 'OP64SB008S7,', 'N.', 'Aut/Albo', 'det', 'Si', '7', 'SOGEMONT', 'RAEE', 'SRL', 'Ss', 'Denominazione', 'o', 'Ragjane', 'sociale', '5']}
-------------------- 57 RECORDS TROVATI --------------------
RITAGLIO GIA' ANALIZZATO DA OCR
NESSUN INSERIMENTO IN TABELLA OCR_PRODUTTORE PER FILE 109687_DUB119296
FINE ANALISI OCR RITAGLIO PRODUTTORE PER FILE 109687_DUB119296

#################### RICERCA RITAGLIO PRODUTTORE ####################

RANGE PAROLE INDIVIDUATE ['i', '2', 'del', 'febtuate', '22', 'fart', 'ihe', 'emi', 'FORMULARIO', 'RIFIUTI', 'sieeestene', 'ATA', 'Of', 'EMISSION', 'DEL', 'FORILLARIO', 'MUMERO', 'REGISTRO', 'J', 'Ey', 'PRoburrone', '0', 'DETENTORE', 'Denominazione', 'o', 'Ragione', 'sociale', 'COMUNE', 'Di', 'POSTIGLIONE', 'bs', 'veoe', 'SS', 'CLOCALITANESCASNC', 'BORE', 'POSTIGUONE', 'SA', 'Cod', 'foo', '1', 'OP', 'SB', 'S', 'N', 'Aut', 'Albo', 'det', 'Si', '7', 'SOGEMONT', 'RAEE', 'SRL', 'Ss', 'Denominazione', 'o', 'Ragjane', 'sociale', '5']
PAROLE CHIAVE CHE DELIMITANO INFO {'detentore': [(40833, 'DETENTORE', 'ALTO')], 'denominazione': [(40834, 'Denominazione', 'ALTO')], 'ragione': [(40836, 'Ragione', 'ALTO')], 'sociale': [(40837, 'sociale', 'ALTO')], 'END_INFO': [(40868, 'NO WORD', 'EOF')]}
RANGE ID [40834, 40836] PER RICERCA INFO
RANGE ID [40837, 40868] PER RICERCA INFO
RANGE PAROLE TROVATE ZONA PRODUTTORE : [['o'], ['comune', 'di', 'postiglione', 'bs', 'veoe', 'ss', 'clocalitanescasnc', 'bore', 'postiguone', 'sa', 'cod', 'foo', '1', 'op', 'sb', 's', 'n', 'aut', 'albo', 'det', 'si', '7', 'sogemont', 'raee', 'srl', 'ss', 'denominazione', 'o', 'ragjane', 'sociale']]
RANGE PAROLE SELEZIONATE ZONA PRODUTTORE : [{'srl', 'comune', 'postiglione'}]

#################### FINE RICERCA ZONA PRODUTTORE ####################

INSERIMENTO IN TABELLA OCR_PRODUTTORE

@@@@@@@@@@@@@@@@@@@@ SOMMARIO FILE 109687_DUB119296 @@@@@@@@@@@@@@@@@@@@


FILE 109687_DUB119296 : FORMULARIO RIFIUTI - ALLEGATO B - ETM {'ocr_prod': [{'srl', 'comune', 'postiglione'}], 'ocr_trasp': None, 'ocr_racc': None, 'ocr_size': '( 2364 - 700 )'}


@@@@@@@@@@@@@@@@@@@@ FINE SOMMARIO FILE 109687_DUB119296 @@@@@@@@@@@@@@@@@@@@

1 FILES PROCESSATI IN 7.719243049621582 SECONDI
!!!!!!!!!!!!!!!!!!!! ESECUZIONE SCANSIONE FORMULARI RIFIUTI TERMINATA AL SEGUENTE ORARIO 2021-06-30 09:51:41.912967 !!!!!!!!!!!!!!!!!!!!
