!!!!!!!!!!!!!!!!!!!! INIZIO ESECUZIONE SCANSIONE FORMULARI RIFIUTI !!!!!!!!!!!!!!!!!!!!
VERIFICO IDENEITA' CARATTERI PER FILE 96619_COBAT
NOME FILENAME ACCETTATO --> 96619_COBAT

-o-o-o-o-o-o-o-o-o-o-o-o-o-o-o-o-o-o-o-o ANALISI FILE 96619_COBAT -o-o-o-o-o-o-o-o-o-o-o-o-o-o-o-o-o-o-o-o

CERCO FILE 96619_COBAT.png IN C:\Users\Utente\Documents\Multitraccia\Progetti\Cobat\OCR_development\NEW_OCR\images
Cerco file 96619_COBAT in formato jpg
Salvataggio file 96619_COBAT in formato png su C:\Users\Utente\Documents\Multitraccia\Progetti\Cobat\OCR_development\NEW_OCR\images
++++++++++++++++++++ FILE : 96619_COBAT ++++++++++++++++++++
TIPOLOGIA GIA' INDIVIDUATA --> FORMULARIO RIFIUTI - ALLEGATO B - ETM
BTWN WORDS ['detentore', 'produttore', 'denominazione', 'ragione', 'sociale']
FILE 96619_COBAT RICERCA BASE PRODUTTORE : 
                    
                SELECT p.id, p.coor_x, p.coor_y
                FROM parole_WEB p
                LEFT JOIN files_WEB f
                ON (p.id_file=f.id)
             WHERE
                    file = '96619_COBAT' AND
                    (parola like 'detento_e' or parola like '_etentore' or parola like 'dete_tore' or parola like 'de_entore' or parola like 'detent_re' or parola like 'detentor_' or parola like 'd_tentore' or parola like 'det_ntore' or parola like 'deten_ore') AND
                    div_y = '1-4'
                    ORDER BY p.id ASC
                    LIMIT 1;
                
RISULTATO : {'detentore': ((62544, 462.077880859375, 205.39991760253903), 'ALTO')}
BTWN WORDS ['unita', 'locale', 'codice', 'fiscale', 'autorizzazione', 'aut/albo']
FILE 96619_COBAT RICERCA BASE PRODUTTORE : 
                    
                SELECT p.id, p.coor_x, p.coor_y
                FROM parole_WEB p
                LEFT JOIN files_WEB f
                ON (p.id_file=f.id)
             WHERE
                    file = '96619_COBAT' AND
                    (parola like '_nita' or parola like 'un_ta' or parola like 'u_ita' or parola like 'uni_a' or parola like 'unit_') AND
                    div_y = '1-4'
                    ORDER BY p.id ASC
                    LIMIT 1;
                
FILE 96619_COBAT RICERCA BASE PRODUTTORE : 
                    
                SELECT p.id, p.coor_x, p.coor_y
                FROM parole_WEB p
                LEFT JOIN files_WEB f
                ON (p.id_file=f.id)
             WHERE
                    file = '96619_COBAT' AND
                    (parola like 'lo_ale' or parola like '_ocale' or parola like 'local_' or parola like 'loca_e' or parola like 'l_cale' or parola like 'loc_le') AND
                    div_y = '1-4'
                    ORDER BY p.id ASC
                    LIMIT 1;
                
RISULTATO : {'detentore': ((62544, 462.077880859375, 205.39991760253903), 'ALTO'), 'locale': ((62559, 227.77734375, 383.080078125), 'BASSO')}
PAROLE CHE DETERMINANO OCR PER ZONA PRODUTTORE :
{'detentore': ((62544, 462.077880859375, 205.39991760253903), 'ALTO'), 'locale': ((62559, 227.77734375, 383.080078125), 'BASSO')}
++++++++++++++++++++ PRIMO TENTATIVO CREAZIONE RITAGLIO OCR PRODUTTORE PER FILE 96619_COBAT ++++++++++++++++++++
ANALISI OCR RITAGLIO PRODUTTORE PER FILE 96619_COBAT : SIZE ( 2361 - 700 )
data {'PRODUTTORE': ['numero', 'nesisT', 'FDOOOS', 'ormeussneromunno|', '$4a29', 'ei', 'etana', 'ns', '2', 'Denominazione', 'o', 'Ragione', 'sociale', 'CEM', 'AMBIENTE', 'SPA', 'g', '-_', 'camel', 'Be', 'aes', 'SE', 'g', 'Unita', 'Locale', '_', 'CE.', 'PESSANO', 'CON', 'BORNAGO', 'VIA', 'DI', '38080', 'PESSANG', 'CON', 'SORNAGO', 'Codice', 'Fiscate', '039651760756', 'Numero', 'jone./', 'Kibo', 'Se', 'a', 'mee', '—__—_~--—.', 'Codine', 'Fiscale_|__UewOT', 'eS', '_______j__', 'Numero', 'Autorizzazione', 'Albo', '_RGATSSV2016', '__cel|', '20-42-16', '_|', 'E', '_', 'RGB', '2016', '20-12-46', 'H', 'Denominazione', 'o', 'Ragione', 'sociale', 'A', 'STENA', 'RECYCLING', '&.R.L.']}
-------------------- 71 RECORDS TROVATI --------------------
FINE ANALISI OCR RITAGLIO PRODUTTORE PER FILE 96619_COBAT

#################### RICERCA RITAGLIO PRODUTTORE ####################

RANGE PAROLE INDIVIDUATE ['numero', 'nesisT', 'FDOOOS', 'ormeussneromunno', 'a', 'ei', 'etana', 'ns', '2', 'Denominazione', 'o', 'Ragione', 'sociale', 'CEM', 'AMBIENTE', 'SPA', 'g', 'camel', 'Be', 'aes', 'SE', 'g', 'Unita', 'Locale', 'CE', 'PESSANO', 'CON', 'BORNAGO', 'VIA', 'DI', 'PESSANG', 'CON', 'SORNAGO', 'Codice', 'Fiscate', 'Numero', 'jone', 'Kibo', 'Se', 'a', 'mee', 'Codine', 'Fiscale', 'UewOT', 'eS', 'j', 'Numero', 'Autorizzazione', 'Albo', 'RGATSSV', 'cel', 'E', 'RGB', 'H', 'Denominazione', 'o', 'Ragione', 'sociale', 'A', 'STENA', 'RECYCLING', 'R', 'L']
PAROLE CHIAVE CHE DELIMITANO INFO {'denominazione': [(41591, 'Denominazione', 'ALTO')], 'ragione': [(41593, 'Ragione', 'ALTO')], 'sociale': [(41594, 'sociale', 'ALTO')], 'unita': [(41604, 'Unita', 'BASSO')], 'locale': [(41605, 'Locale', 'BASSO')], 'codice': [(41623, 'Codine', 'BASSO')], 'fiscale': [(41616, 'Fiscate', 'BASSO')], 'autorizzazione': [(41629, 'Autorizzazione', 'BASSO')]}
RANGE ID [41591, 41593] PER RICERCA INFO
RANGE ID [41594, 41604] PER RICERCA INFO
RANGE ID [41605, 41623] PER RICERCA INFO
RANGE ID [41616, 41629] PER RICERCA INFO
RANGE PAROLE TROVATE ZONA PRODUTTORE : [['o'], ['cem', 'ambiente', 'spa', 'g', 'camel', 'be', 'aes', 'se', 'g'], ['ce', 'pessano', 'con', 'bornago', 'via', 'di', 'pessang', 'con', 'sornago', 'codice', 'fiscate', 'numero', 'jone', 'kibo', 'se', 'a', 'mee'], ['numero', 'jone', 'kibo', 'se', 'a', 'mee', 'codine', 'fiscale', 'uewot', 'es', 'j', 'numero']]
RANGE PAROLE SELEZIONATE ZONA PRODUTTORE : [{'ambiente', 'bornago', 'spa', 'cem', 'pessano', 'codine'}]

#################### FINE RICERCA ZONA PRODUTTORE ####################

INSERIMENTO IN TABELLA OCR_PRODUTTORE

@@@@@@@@@@@@@@@@@@@@ SOMMARIO FILE 96619_COBAT @@@@@@@@@@@@@@@@@@@@


FILE 96619_COBAT : FORMULARIO RIFIUTI - ALLEGATO B - ETM {'ocr_prod': [{'ambiente', 'bornago', 'spa', 'cem', 'pessano', 'codine'}], 'ocr_trasp': None, 'ocr_racc': None, 'ocr_size': '( 2361 - 700 )'}


@@@@@@@@@@@@@@@@@@@@ FINE SOMMARIO FILE 96619_COBAT @@@@@@@@@@@@@@@@@@@@

1 FILES PROCESSATI IN 7.701458692550659 SECONDI
!!!!!!!!!!!!!!!!!!!! ESECUZIONE SCANSIONE FORMULARI RIFIUTI TERMINATA AL SEGUENTE ORARIO 2021-06-30 15:13:31.154523 !!!!!!!!!!!!!!!!!!!!
