!!!!!!!!!!!!!!!!!!!! INIZIO ESECUZIONE SCANSIONE FORMULARI RIFIUTI !!!!!!!!!!!!!!!!!!!!
VERIFICO IDENEITA' CARATTERI PER FILE 96619_COBAT_DUC593220-2020
NOME FILENAME ACCETTATO --> 96619_COBAT

-o-o-o-o-o-o-o-o-o-o-o-o-o-o-o-o-o-o-o-o ANALISI FILE 96619_COBAT -o-o-o-o-o-o-o-o-o-o-o-o-o-o-o-o-o-o-o-o

CERCO FILE 96619_COBAT.png IN C:\Users\Utente\Documents\Multitraccia\Progetti\Cobat\OCR_development\NEW_OCR\images
Cerco file 96619_COBAT in formato jpg
Salvataggio file 96619_COBAT in formato png su C:\Users\Utente\Documents\Multitraccia\Progetti\Cobat\OCR_development\NEW_OCR\images
++++++++++++++++++++ FILE : 96619_COBAT ++++++++++++++++++++
FILE NON TROVATO NEL DB
ANALISI INIZIALE OCR PER FILE 96619_COBAT
FILE 96619_COBAT RUOTATO DI 0 GRADI
-------------------- ESECUZIONE OCR PER FILE 96619_COBAT --------------------
-------------------- INIZIO PER RITAGLIO 0.500W-0.250H --------------------
-------------------- FINE ESECUZIONE IN 31.319290161132812 SECONDI --------------------
-------------------- INIZIO PER RITAGLIO 0.500W-0.500H --------------------
-------------------- FINE ESECUZIONE IN 28.63275718688965 SECONDI --------------------
-------------------- FINE ESECUZIONE OCR --------------------
ELIMINO RECORDS PRECENDENTI NELLA TABELLA parole_WEB
INSERIMENTO DI 123 RECORDS PER FILE 96619_COBAT
PERCENTUALE RIGHE SOSPETTE (LUNGHEZZA 0 OPPURE 1) : 17%
OCR INIZIALE FILE 96619_COBAT VALIDO CON ROTAZIONE NULLA
FINE ANALISI INIZIALE OCR PER FILE 96619_COBAT
RICERCA TIPO_A : 
                    
                SELECT p.id, p.coor_x, p.coor_y
                FROM parole_WEB p
                LEFT JOIN files_WEB f
                ON (p.id_file=f.id)
             WHERE
                    ((parola like 'formula_io' or parola like 'formular_o' or parola like 'for_ulario' or parola like '_ormulario' or parola like 'fo_mulario' or parola like 'f_rmulario' or parola like 'formul_rio' or parola like 'formulari_' or parola like 'form_lario' or parola like 'formu_ario') OR 
                    ( parola like 'for%rio' OR
                    parola like 'for%' OR
                    parola like '%rio' )
                ) AND
                    div_x = '1-2' AND
                    div_y = '1-4' AND
                    file = '96619_COBAT'
                    LIMIT 1;
                
RICERCA TIPO_A : 
                    
                SELECT parola, coor_x, coor_y, file
                FROM parole_WEB p
                LEFT JOIN "files_WEB" f
                ON (p.id_file=f.id)
            
                    WHERE
                    ((parola like 'ri_iuti' or parola like 'rifiut_' or parola like 'rifi_ti' or parola like 'r_fiuti' or parola like '_ifiuti' or parola like 'rif_uti' or parola like 'rifiu_i') OR 
                    (parola like 'ri%ti' OR
                    parola like '%fiu%' OR
                    parola like 'rif%')
                ) AND
                    p.id < 62531 + 25 AND
                    p.id > 62531 - 25 AND
                    file = '96619_COBAT';
                
-------------------- TIPOLOGIA FIR : FORMULARIO RIFIUTI - ALLEGATO B - ETM --------------------
BTWN WORDS ['detentore', 'produttore', 'denominazione', 'ragione', 'sociale']
FILE 96619_COBAT RICERCA BASE PRODUTTORE : 
                    
                SELECT p.id, p.coor_x, p.coor_y
                FROM parole_WEB p
                LEFT JOIN files_WEB f
                ON (p.id_file=f.id)
             WHERE
                    file = '96619_COBAT' AND
                    (parola like 'det_ntore' or parola like 'deten_ore' or parola like 'dete_tore' or parola like '_etentore' or parola like 'detento_e' or parola like 'detentor_' or parola like 'd_tentore' or parola like 'detent_re' or parola like 'de_entore') AND
                    div_y = '1-4'
                    ORDER BY p.id ASC
                    LIMIT 1;
                
RISULTATO : {'detentore': ((62544, 462.077880859375, 205.39991760253903), 'ALTO')}
BTWN WORDS ['unita', 'locale', 'codice', 'fiscale', 'autorizzazione', 'aut/albo']
FILE 96619_COBAT RICERCA BASE PRODUTTORE : 
                    
                SELECT p.id, p.coor_x, p.coor_y
                FROM parole_WEB p
                LEFT JOIN files_WEB f
                ON (p.id_file=f.id)
             WHERE
                    file = '96619_COBAT' AND
                    (parola like 'uni_a' or parola like 'unit_' or parola like 'u_ita' or parola like '_nita' or parola like 'un_ta') AND
                    div_y = '1-4'
                    ORDER BY p.id ASC
                    LIMIT 1;
                
FILE 96619_COBAT RICERCA BASE PRODUTTORE : 
                    
                SELECT p.id, p.coor_x, p.coor_y
                FROM parole_WEB p
                LEFT JOIN files_WEB f
                ON (p.id_file=f.id)
             WHERE
                    file = '96619_COBAT' AND
                    (parola like 'local_' or parola like 'loca_e' or parola like '_ocale' or parola like 'lo_ale' or parola like 'l_cale' or parola like 'loc_le') AND
                    div_y = '1-4'
                    ORDER BY p.id ASC
                    LIMIT 1;
                
RISULTATO : {'detentore': ((62544, 462.077880859375, 205.39991760253903), 'ALTO'), 'locale': ((62559, 227.77734375, 383.080078125), 'BASSO')}
PAROLE CHE DETERMINANO OCR PER ZONA PRODUTTORE :
{'detentore': ((62544, 462.077880859375, 205.39991760253903), 'ALTO'), 'locale': ((62559, 227.77734375, 383.080078125), 'BASSO')}
++++++++++++++++++++ PRIMO TENTATIVO CREAZIONE RITAGLIO OCR PRODUTTORE PER FILE 96619_COBAT ++++++++++++++++++++
ANALISI OCR RITAGLIO PRODUTTORE PER FILE 96619_COBAT : SIZE ( 2361 - 700 )
data {'PRODUTTORE': ['numero', 'nesisT', 'FDOOOS', 'ormeussneromunno|', '$4a29', 'ei', 'etana', 'ns', '2', 'Denominazione', 'o', 'Ragione', 'sociale', 'CEM', 'AMBIENTE', 'SPA', 'g', '-_', 'camel', 'Be', 'aes', 'SE', 'g', 'Unita', 'Locale', '_', 'CE.', 'PESSANO', 'CON', 'BORNAGO', 'VIA', 'DI', '38080', 'PESSANG', 'CON', 'SORNAGO', 'Codice', 'Fiscate', '039651760756', 'Numero', 'jone./', 'Kibo', 'Se', 'a', 'mee', '—__—_~--—.', 'Codine', 'Fiscale_|__UewOT', 'eS', '_______j__', 'Numero', 'Autorizzazione', 'Albo', '_RGATSSV2016', '__cel|', '20-42-16', '_|', 'E', '_', 'RGB', '2016', '20-12-46', 'H', 'Denominazione', 'o', 'Ragione', 'sociale', 'A', 'STENA', 'RECYCLING', '&.R.L.']}
-------------------- 71 RECORDS TROVATI --------------------
FINE ANALISI OCR RITAGLIO PRODUTTORE PER FILE 96619_COBAT

#################### RICERCA RITAGLIO PRODUTTORE ####################

RANGE PAROLE INDIVIDUATE ['numero', 'nesisT', 'FDOOOS', 'ormeussneromunno', 'a', 'ei', 'etana', 'ns', '2', 'Denominazione', 'o', 'Ragione', 'sociale', 'CEM', 'AMBIENTE', 'SPA', 'g', '_', 'camel', 'Be', 'aes', 'SE', 'g', 'Unita', 'Locale', '_', 'CE', 'PESSANO', 'CON', 'BORNAGO', 'VIA', 'DI', 'PESSANG', 'CON', 'SORNAGO', 'Codice', 'Fiscate', 'Numero', 'jone', 'Kibo', 'Se', 'a', 'mee', 'Codine', 'Fiscale', 'UewOT', 'eS', '_______j__', 'Numero', 'Autorizzazione', 'Albo', 'RGATSSV', 'cel', '_', 'E', '_', 'RGB', 'H', 'Denominazione', 'o', 'Ragione', 'sociale', 'A', 'STENA', 'RECYCLING', 'R', 'L']
PAROLE CHIAVE CHE DELIMITANO INFO {'denominazione': [(40937, 'Denominazione', 'ALTO')], 'ragione': [(40939, 'Ragione', 'ALTO')], 'sociale': [(40940, 'sociale', 'ALTO')], 'unita': [(40951, 'Unita', 'BASSO')], 'locale': [(40952, 'Locale', 'BASSO')], 'codice': [(40971, 'Codine', 'BASSO')], 'fiscale': [(40964, 'Fiscate', 'BASSO')], 'autorizzazione': [(40977, 'Autorizzazione', 'BASSO')]}
RANGE ID [40937, 40939] PER RICERCA INFO
RANGE ID [40940, 40951] PER RICERCA INFO
RANGE ID [40952, 40971] PER RICERCA INFO
RANGE ID [40964, 40977] PER RICERCA INFO
RANGE PAROLE TROVATE ZONA PRODUTTORE : [['o'], ['cem', 'ambiente', 'spa', 'g', '_', 'camel', 'be', 'aes', 'se', 'g'], ['_', 'ce', 'pessano', 'con', 'bornago', 'via', 'di', 'pessang', 'con', 'sornago', 'codice', 'fiscate', 'numero', 'jone', 'kibo', 'se', 'a', 'mee'], ['numero', 'jone', 'kibo', 'se', 'a', 'mee', 'codine', 'fiscale', 'uewot', 'es', '_______j__', 'numero']]
RANGE PAROLE SELEZIONATE ZONA PRODUTTORE : [{'ambiente', 'codine', 'spa', 'pneumatici'}]

#################### FINE RICERCA ZONA PRODUTTORE ####################

INSERIMENTO IN TABELLA OCR_PRODUTTORE

@@@@@@@@@@@@@@@@@@@@ SOMMARIO FILE 96619_COBAT @@@@@@@@@@@@@@@@@@@@


FILE 96619_COBAT : FORMULARIO RIFIUTI - ALLEGATO B - ETM {'ocr_prod': [{'ambiente', 'codine', 'spa', 'pneumatici'}], 'ocr_trasp': None, 'ocr_racc': None, 'ocr_size': '( 2361 - 700 )'}


@@@@@@@@@@@@@@@@@@@@ FINE SOMMARIO FILE 96619_COBAT @@@@@@@@@@@@@@@@@@@@

1 FILES PROCESSATI IN 76.9876229763031 SECONDI
!!!!!!!!!!!!!!!!!!!! ESECUZIONE SCANSIONE FORMULARI RIFIUTI TERMINATA AL SEGUENTE ORARIO 2021-06-30 12:04:53.761803 !!!!!!!!!!!!!!!!!!!!
