!!!!!!!!!!!!!!!!!!!! INIZIO ESECUZIONE SCANSIONE FORMULARI RIFIUTI !!!!!!!!!!!!!!!!!!!!
VERIFICO IDENEITA' CARATTERI PER FILE 98161_DUA612838-2020
NOME FILENAME ACCETTATO --> 98161_DUA6128382020

-o-o-o-o-o-o-o-o-o-o-o-o-o-o-o-o-o-o-o-o ANALISI FILE 98161_DUA6128382020 -o-o-o-o-o-o-o-o-o-o-o-o-o-o-o-o-o-o-o-o

CERCO FILE 98161_DUA6128382020.png IN C:\Users\Utente\Documents\Multitraccia\Progetti\Cobat\OCR_development\NEW_OCR\images
Cerco file 98161_DUA6128382020 in formato jpg
Salvataggio file 98161_DUA6128382020 in formato png su C:\Users\Utente\Documents\Multitraccia\Progetti\Cobat\OCR_development\NEW_OCR\images
++++++++++++++++++++ FILE : 98161_DUA6128382020 ++++++++++++++++++++
FILE NON TROVATO NEL DB
ANALISI INIZIALE OCR PER FILE 98161_DUA6128382020
FILE 98161_DUA6128382020 RUOTATO DI 0 GRADI
-------------------- ESECUZIONE OCR PER FILE 98161_DUA6128382020 --------------------
-------------------- INIZIO PER RITAGLIO 0.500W-0.250H --------------------
-------------------- FINE ESECUZIONE IN 30.17458200454712 SECONDI --------------------
-------------------- INIZIO PER RITAGLIO 0.500W-0.500H --------------------
-------------------- FINE ESECUZIONE IN 27.198418378829956 SECONDI --------------------
-------------------- FINE ESECUZIONE OCR --------------------
ELIMINO RECORDS PRECENDENTI NELLA TABELLA parole_WEB
INSERIMENTO DI 133 RECORDS PER FILE 98161_DUA6128382020
PERCENTUALE RIGHE SOSPETTE (LUNGHEZZA 0 OPPURE 1) : 25%
OCR INIZIALE FILE 98161_DUA6128382020 VALIDO CON ROTAZIONE NULLA
FINE ANALISI INIZIALE OCR PER FILE 98161_DUA6128382020
RICERCA TIPO_A : 
                    
                SELECT p.id, p.coor_x, p.coor_y
                FROM parole_WEB p
                LEFT JOIN files_WEB f
                ON (p.id_file=f.id)
             WHERE
                    ((parola like 'form_lario' or parola like '_ormulario' or parola like 'f_rmulario' or parola like 'formular_o' or parola like 'formul_rio' or parola like 'formu_ario' or parola like 'for_ulario' or parola like 'formulari_' or parola like 'formula_io' or parola like 'fo_mulario') OR 
                    ( parola like 'for%rio' OR
                    parola like 'for%' OR
                    parola like '%rio' )
                ) AND
                    div_x = '1-2' AND
                    div_y = '1-4' AND
                    file = '98161_DUA6128382020'
                    LIMIT 1;
                
RICERCA TIPO_A : 
                    
                SELECT parola, coor_x, coor_y, file
                FROM parole_WEB p
                LEFT JOIN "files_WEB" f
                ON (p.id_file=f.id)
            
                    WHERE
                    ((parola like 'rifiu_i' or parola like 'rif_uti' or parola like 'rifi_ti' or parola like 'r_fiuti' or parola like '_ifiuti' or parola like 'ri_iuti' or parola like 'rifiut_') OR 
                    (parola like 'ri%ti' OR
                    parola like '%fiu%' OR
                    parola like 'rif%')
                ) AND
                    p.id < 62295 + 25 AND
                    p.id > 62295 - 25 AND
                    file = '98161_DUA6128382020';
                
-------------------- TIPOLOGIA FIR : FORMULARIO RIFIUTI - ALLEGATO B - ETM --------------------
None
1 FILES PROCESSATI IN 66.11673283576965 SECONDI
!!!!!!!!!!!!!!!!!!!! ESECUZIONE SCANSIONE FORMULARI RIFIUTI TERMINATA AL SEGUENTE ORARIO 2021-06-30 10:49:39.521963 !!!!!!!!!!!!!!!!!!!!
